<?xml version="1.0" encoding="UTF-8"?>
<testsuite xmlns:xsi="http://www.w3.org/2001/XMLSchema-instance" xsi:noNamespaceSchemaLocation="https://maven.apache.org/surefire/maven-surefire-plugin/xsd/surefire-test-report.xsd" version="3.0.2" name="com.practice.enroll.service.EnrollServiceSvcApplicationTests" time="1.2" tests="1" errors="0" skipped="0" failures="0">
  <properties>
    <property name="java.specification.version" value="17"/>
    <property name="sun.cpu.isalist" value="amd64"/>
    <property name="sun.jnu.encoding" value="Cp1252"/>
    <property name="java.class.path" value="C:\Users\sriram_dhanaraj\epam learn\Consumer Driven Contract Testing Mentoring Program #11\Task\Final_task\enroll-service-svc\target\test-classes;C:\Users\sriram_dhanaraj\epam learn\Consumer Driven Contract Testing Mentoring Program #11\Task\Final_task\enroll-service-svc\target\classes;C:\Users\sriram_dhanaraj\.m2\repository\org\springframework\boot\spring-boot-starter-data-jpa\3.4.2\spring-boot-starter-data-jpa-3.4.2.jar;C:\Users\sriram_dhanaraj\.m2\repository\org\springframework\boot\spring-boot-starter\3.4.2\spring-boot-starter-3.4.2.jar;C:\Users\sriram_dhanaraj\.m2\repository\org\springframework\boot\spring-boot\3.4.2\spring-boot-3.4.2.jar;C:\Users\sriram_dhanaraj\.m2\repository\org\springframework\boot\spring-boot-autoconfigure\3.4.2\spring-boot-autoconfigure-3.4.2.jar;C:\Users\sriram_dhanaraj\.m2\repository\org\springframework\boot\spring-boot-starter-logging\3.4.2\spring-boot-starter-logging-3.4.2.jar;C:\Users\sriram_dhanaraj\.m2\repository\ch\qos\logback\logback-classic\1.5.16\logback-classic-1.5.16.jar;C:\Users\sriram_dhanaraj\.m2\repository\ch\qos\logback\logback-core\1.5.16\logback-core-1.5.16.jar;C:\Users\sriram_dhanaraj\.m2\repository\org\apache\logging\log4j\log4j-to-slf4j\2.24.3\log4j-to-slf4j-2.24.3.jar;C:\Users\sriram_dhanaraj\.m2\repository\org\apache\logging\log4j\log4j-api\2.24.3\log4j-api-2.24.3.jar;C:\Users\sriram_dhanaraj\.m2\repository\org\slf4j\jul-to-slf4j\2.0.16\jul-to-slf4j-2.0.16.jar;C:\Users\sriram_dhanaraj\.m2\repository\jakarta\annotation\jakarta.annotation-api\2.1.1\jakarta.annotation-api-2.1.1.jar;C:\Users\sriram_dhanaraj\.m2\repository\org\yaml\snakeyaml\2.3\snakeyaml-2.3.jar;C:\Users\sriram_dhanaraj\.m2\repository\org\springframework\boot\spring-boot-starter-jdbc\3.4.2\spring-boot-starter-jdbc-3.4.2.jar;C:\Users\sriram_dhanaraj\.m2\repository\com\zaxxer\HikariCP\5.1.0\HikariCP-5.1.0.jar;C:\Users\sriram_dhanaraj\.m2\repository\org\springframework\spring-jdbc\6.2.2\spring-jdbc-6.2.2.jar;C:\Users\sriram_dhanaraj\.m2\repository\org\hibernate\orm\hibernate-core\6.6.5.Final\hibernate-core-6.6.5.Final.jar;C:\Users\sriram_dhanaraj\.m2\repository\jakarta\persistence\jakarta.persistence-api\3.1.0\jakarta.persistence-api-3.1.0.jar;C:\Users\sriram_dhanaraj\.m2\repository\jakarta\transaction\jakarta.transaction-api\2.0.1\jakarta.transaction-api-2.0.1.jar;C:\Users\sriram_dhanaraj\.m2\repository\org\jboss\logging\jboss-logging\3.6.1.Final\jboss-logging-3.6.1.Final.jar;C:\Users\sriram_dhanaraj\.m2\repository\org\hibernate\common\hibernate-commons-annotations\7.0.3.Final\hibernate-commons-annotations-7.0.3.Final.jar;C:\Users\sriram_dhanaraj\.m2\repository\io\smallrye\jandex\3.2.0\jandex-3.2.0.jar;C:\Users\sriram_dhanaraj\.m2\repository\com\fasterxml\classmate\1.7.0\classmate-1.7.0.jar;C:\Users\sriram_dhanaraj\.m2\repository\net\bytebuddy\byte-buddy\1.15.11\byte-buddy-1.15.11.jar;C:\Users\sriram_dhanaraj\.m2\repository\org\glassfish\jaxb\jaxb-runtime\4.0.5\jaxb-runtime-4.0.5.jar;C:\Users\sriram_dhanaraj\.m2\repository\org\glassfish\jaxb\jaxb-core\4.0.5\jaxb-core-4.0.5.jar;C:\Users\sriram_dhanaraj\.m2\repository\org\eclipse\angus\angus-activation\2.0.2\angus-activation-2.0.2.jar;C:\Users\sriram_dhanaraj\.m2\repository\org\glassfish\jaxb\txw2\4.0.5\txw2-4.0.5.jar;C:\Users\sriram_dhanaraj\.m2\repository\com\sun\istack\istack-commons-runtime\4.1.2\istack-commons-runtime-4.1.2.jar;C:\Users\sriram_dhanaraj\.m2\repository\jakarta\inject\jakarta.inject-api\2.0.1\jakarta.inject-api-2.0.1.jar;C:\Users\sriram_dhanaraj\.m2\repository\org\antlr\antlr4-runtime\4.13.0\antlr4-runtime-4.13.0.jar;C:\Users\sriram_dhanaraj\.m2\repository\org\springframework\data\spring-data-jpa\3.4.2\spring-data-jpa-3.4.2.jar;C:\Users\sriram_dhanaraj\.m2\repository\org\springframework\data\spring-data-commons\3.4.2\spring-data-commons-3.4.2.jar;C:\Users\sriram_dhanaraj\.m2\repository\org\springframework\spring-orm\6.2.2\spring-orm-6.2.2.jar;C:\Users\sriram_dhanaraj\.m2\repository\org\springframework\spring-context\6.2.2\spring-context-6.2.2.jar;C:\Users\sriram_dhanaraj\.m2\repository\org\springframework\spring-aop\6.2.2\spring-aop-6.2.2.jar;C:\Users\sriram_dhanaraj\.m2\repository\org\springframework\spring-tx\6.2.2\spring-tx-6.2.2.jar;C:\Users\sriram_dhanaraj\.m2\repository\org\springframework\spring-beans\6.2.2\spring-beans-6.2.2.jar;C:\Users\sriram_dhanaraj\.m2\repository\org\springframework\spring-aspects\6.2.2\spring-aspects-6.2.2.jar;C:\Users\sriram_dhanaraj\.m2\repository\org\aspectj\aspectjweaver\1.9.22.1\aspectjweaver-1.9.22.1.jar;C:\Users\sriram_dhanaraj\.m2\repository\org\springframework\boot\spring-boot-starter-web\3.4.2\spring-boot-starter-web-3.4.2.jar;C:\Users\sriram_dhanaraj\.m2\repository\org\springframework\boot\spring-boot-starter-json\3.4.2\spring-boot-starter-json-3.4.2.jar;C:\Users\sriram_dhanaraj\.m2\repository\com\fasterxml\jackson\datatype\jackson-datatype-jdk8\2.18.2\jackson-datatype-jdk8-2.18.2.jar;C:\Users\sriram_dhanaraj\.m2\repository\com\fasterxml\jackson\module\jackson-module-parameter-names\2.18.2\jackson-module-parameter-names-2.18.2.jar;C:\Users\sriram_dhanaraj\.m2\repository\org\springframework\boot\spring-boot-starter-tomcat\3.4.2\spring-boot-starter-tomcat-3.4.2.jar;C:\Users\sriram_dhanaraj\.m2\repository\org\apache\tomcat\embed\tomcat-embed-core\10.1.34\tomcat-embed-core-10.1.34.jar;C:\Users\sriram_dhanaraj\.m2\repository\org\apache\tomcat\embed\tomcat-embed-el\10.1.34\tomcat-embed-el-10.1.34.jar;C:\Users\sriram_dhanaraj\.m2\repository\org\apache\tomcat\embed\tomcat-embed-websocket\10.1.34\tomcat-embed-websocket-10.1.34.jar;C:\Users\sriram_dhanaraj\.m2\repository\org\springframework\spring-web\6.2.2\spring-web-6.2.2.jar;C:\Users\sriram_dhanaraj\.m2\repository\io\micrometer\micrometer-observation\1.14.3\micrometer-observation-1.14.3.jar;C:\Users\sriram_dhanaraj\.m2\repository\io\micrometer\micrometer-commons\1.14.3\micrometer-commons-1.14.3.jar;C:\Users\sriram_dhanaraj\.m2\repository\org\springframework\spring-webmvc\6.2.2\spring-webmvc-6.2.2.jar;C:\Users\sriram_dhanaraj\.m2\repository\org\springframework\spring-expression\6.2.2\spring-expression-6.2.2.jar;C:\Users\sriram_dhanaraj\.m2\repository\com\h2database\h2\2.3.232\h2-2.3.232.jar;C:\Users\sriram_dhanaraj\.m2\repository\org\springframework\boot\spring-boot-starter-test\3.4.2\spring-boot-starter-test-3.4.2.jar;C:\Users\sriram_dhanaraj\.m2\repository\org\springframework\boot\spring-boot-test\3.4.2\spring-boot-test-3.4.2.jar;C:\Users\sriram_dhanaraj\.m2\repository\org\springframework\boot\spring-boot-test-autoconfigure\3.4.2\spring-boot-test-autoconfigure-3.4.2.jar;C:\Users\sriram_dhanaraj\.m2\repository\com\jayway\jsonpath\json-path\2.9.0\json-path-2.9.0.jar;C:\Users\sriram_dhanaraj\.m2\repository\jakarta\xml\bind\jakarta.xml.bind-api\4.0.2\jakarta.xml.bind-api-4.0.2.jar;C:\Users\sriram_dhanaraj\.m2\repository\jakarta\activation\jakarta.activation-api\2.1.3\jakarta.activation-api-2.1.3.jar;C:\Users\sriram_dhanaraj\.m2\repository\net\minidev\json-smart\2.5.1\json-smart-2.5.1.jar;C:\Users\sriram_dhanaraj\.m2\repository\net\minidev\accessors-smart\2.5.1\accessors-smart-2.5.1.jar;C:\Users\sriram_dhanaraj\.m2\repository\org\ow2\asm\asm\9.6\asm-9.6.jar;C:\Users\sriram_dhanaraj\.m2\repository\org\assertj\assertj-core\3.26.3\assertj-core-3.26.3.jar;C:\Users\sriram_dhanaraj\.m2\repository\org\awaitility\awaitility\4.2.2\awaitility-4.2.2.jar;C:\Users\sriram_dhanaraj\.m2\repository\org\hamcrest\hamcrest\2.2\hamcrest-2.2.jar;C:\Users\sriram_dhanaraj\.m2\repository\org\junit\jupiter\junit-jupiter\5.11.4\junit-jupiter-5.11.4.jar;C:\Users\sriram_dhanaraj\.m2\repository\org\junit\jupiter\junit-jupiter-params\5.11.4\junit-jupiter-params-5.11.4.jar;C:\Users\sriram_dhanaraj\.m2\repository\org\junit\jupiter\junit-jupiter-engine\5.11.4\junit-jupiter-engine-5.11.4.jar;C:\Users\sriram_dhanaraj\.m2\repository\org\junit\platform\junit-platform-engine\1.11.4\junit-platform-engine-1.11.4.jar;C:\Users\sriram_dhanaraj\.m2\repository\org\mockito\mockito-core\5.14.2\mockito-core-5.14.2.jar;C:\Users\sriram_dhanaraj\.m2\repository\net\bytebuddy\byte-buddy-agent\1.15.11\byte-buddy-agent-1.15.11.jar;C:\Users\sriram_dhanaraj\.m2\repository\org\objenesis\objenesis\3.3\objenesis-3.3.jar;C:\Users\sriram_dhanaraj\.m2\repository\org\mockito\mockito-junit-jupiter\5.14.2\mockito-junit-jupiter-5.14.2.jar;C:\Users\sriram_dhanaraj\.m2\repository\org\skyscreamer\jsonassert\1.5.3\jsonassert-1.5.3.jar;C:\Users\sriram_dhanaraj\.m2\repository\com\vaadin\external\google\android-json\0.0.20131108.vaadin1\android-json-0.0.20131108.vaadin1.jar;C:\Users\sriram_dhanaraj\.m2\repository\org\springframework\spring-core\6.2.2\spring-core-6.2.2.jar;C:\Users\sriram_dhanaraj\.m2\repository\org\springframework\spring-jcl\6.2.2\spring-jcl-6.2.2.jar;C:\Users\sriram_dhanaraj\.m2\repository\org\springframework\spring-test\6.2.2\spring-test-6.2.2.jar;C:\Users\sriram_dhanaraj\.m2\repository\org\xmlunit\xmlunit-core\2.10.0\xmlunit-core-2.10.0.jar;C:\Users\sriram_dhanaraj\.m2\repository\org\projectlombok\lombok\1.18.36\lombok-1.18.36.jar;C:\Users\sriram_dhanaraj\.m2\repository\com\fasterxml\jackson\core\jackson-databind\2.18.2\jackson-databind-2.18.2.jar;C:\Users\sriram_dhanaraj\.m2\repository\com\fasterxml\jackson\core\jackson-annotations\2.18.2\jackson-annotations-2.18.2.jar;C:\Users\sriram_dhanaraj\.m2\repository\com\fasterxml\jackson\core\jackson-core\2.18.2\jackson-core-2.18.2.jar;C:\Users\sriram_dhanaraj\.m2\repository\com\fasterxml\jackson\datatype\jackson-datatype-jsr310\2.18.2\jackson-datatype-jsr310-2.18.2.jar;C:\Users\sriram_dhanaraj\.m2\repository\au\com\dius\pact\consumer\junit5\4.6.11\junit5-4.6.11.jar;C:\Users\sriram_dhanaraj\.m2\repository\au\com\dius\pact\consumer\4.6.11\consumer-4.6.11.jar;C:\Users\sriram_dhanaraj\.m2\repository\au\com\dius\pact\core\support\4.6.11\support-4.6.11.jar;C:\Users\sriram_dhanaraj\.m2\repository\io\github\oshai\kotlin-logging-jvm\5.1.4\kotlin-logging-jvm-5.1.4.jar;C:\Users\sriram_dhanaraj\.m2\repository\org\jetbrains\kotlin\kotlin-stdlib-jdk8\1.9.25\kotlin-stdlib-jdk8-1.9.25.jar;C:\Users\sriram_dhanaraj\.m2\repository\commons-codec\commons-codec\1.17.2\commons-codec-1.17.2.jar;C:\Users\sriram_dhanaraj\.m2\repository\au\com\dius\pact\core\model\4.6.11\model-4.6.11.jar;C:\Users\sriram_dhanaraj\.m2\repository\au\com\dius\pact\core\pactbroker\4.6.11\pactbroker-4.6.11.jar;C:\Users\sriram_dhanaraj\.m2\repository\org\apache\commons\commons-collections4\4.4\commons-collections4-4.4.jar;C:\Users\sriram_dhanaraj\.m2\repository\javax\mail\mail\1.5.0-b01\mail-1.5.0-b01.jar;C:\Users\sriram_dhanaraj\.m2\repository\javax\activation\activation\1.1\activation-1.1.jar;C:\Users\sriram_dhanaraj\.m2\repository\io\ktor\ktor-http-jvm\2.3.8\ktor-http-jvm-2.3.8.jar;C:\Users\sriram_dhanaraj\.m2\repository\org\jetbrains\kotlin\kotlin-stdlib-jdk7\1.9.25\kotlin-stdlib-jdk7-1.9.25.jar;C:\Users\sriram_dhanaraj\.m2\repository\org\jetbrains\kotlinx\kotlinx-coroutines-jdk8\1.8.1\kotlinx-coroutines-jdk8-1.8.1.jar;C:\Users\sriram_dhanaraj\.m2\repository\org\jetbrains\kotlinx\kotlinx-coroutines-core-jvm\1.8.1\kotlinx-coroutines-core-jvm-1.8.1.jar;C:\Users\sriram_dhanaraj\.m2\repository\io\ktor\ktor-utils-jvm\2.3.8\ktor-utils-jvm-2.3.8.jar;C:\Users\sriram_dhanaraj\.m2\repository\io\ktor\ktor-io-jvm\2.3.8\ktor-io-jvm-2.3.8.jar;C:\Users\sriram_dhanaraj\.m2\repository\commons-beanutils\commons-beanutils\1.9.4\commons-beanutils-1.9.4.jar;C:\Users\sriram_dhanaraj\.m2\repository\commons-logging\commons-logging\1.2\commons-logging-1.2.jar;C:\Users\sriram_dhanaraj\.m2\repository\commons-collections\commons-collections\3.2.2\commons-collections-3.2.2.jar;C:\Users\sriram_dhanaraj\.m2\repository\au\com\dius\pact\core\matchers\4.6.11\matchers-4.6.11.jar;C:\Users\sriram_dhanaraj\.m2\repository\io\github\java-diff-utils\java-diff-utils\4.12\java-diff-utils-4.12.jar;C:\Users\sriram_dhanaraj\.m2\repository\org\atteo\evo-inflector\1.3\evo-inflector-1.3.jar;C:\Users\sriram_dhanaraj\.m2\repository\com\github\ajalt\mordant\1.2.1\mordant-1.2.1.jar;C:\Users\sriram_dhanaraj\.m2\repository\com\github\ajalt\colormath\1.2.0\colormath-1.2.0.jar;C:\Users\sriram_dhanaraj\.m2\repository\com\github\zafarkhaja\java-semver\0.9.0\java-semver-0.9.0.jar;C:\Users\sriram_dhanaraj\.m2\repository\org\apache\httpcomponents\client5\httpclient5\5.4.1\httpclient5-5.4.1.jar;C:\Users\sriram_dhanaraj\.m2\repository\org\apache\httpcomponents\core5\httpcore5\5.3.2\httpcore5-5.3.2.jar;C:\Users\sriram_dhanaraj\.m2\repository\org\apache\httpcomponents\core5\httpcore5-h2\5.3.2\httpcore5-h2-5.3.2.jar;C:\Users\sriram_dhanaraj\.m2\repository\org\json\json\20240205\json-20240205.jar;C:\Users\sriram_dhanaraj\.m2\repository\org\apache\httpcomponents\client5\httpclient5-fluent\5.4.1\httpclient5-fluent-5.4.1.jar;C:\Users\sriram_dhanaraj\.m2\repository\com\googlecode\java-diff-utils\diffutils\1.3.0\diffutils-1.3.0.jar;C:\Users\sriram_dhanaraj\.m2\repository\dk\brics\automaton\automaton\1.11-8\automaton-1.11-8.jar;C:\Users\sriram_dhanaraj\.m2\repository\io\netty\netty-handler\4.1.117.Final\netty-handler-4.1.117.Final.jar;C:\Users\sriram_dhanaraj\.m2\repository\io\netty\netty-common\4.1.117.Final\netty-common-4.1.117.Final.jar;C:\Users\sriram_dhanaraj\.m2\repository\io\netty\netty-resolver\4.1.117.Final\netty-resolver-4.1.117.Final.jar;C:\Users\sriram_dhanaraj\.m2\repository\io\netty\netty-buffer\4.1.117.Final\netty-buffer-4.1.117.Final.jar;C:\Users\sriram_dhanaraj\.m2\repository\io\netty\netty-transport\4.1.117.Final\netty-transport-4.1.117.Final.jar;C:\Users\sriram_dhanaraj\.m2\repository\io\netty\netty-transport-native-unix-common\4.1.117.Final\netty-transport-native-unix-common-4.1.117.Final.jar;C:\Users\sriram_dhanaraj\.m2\repository\io\netty\netty-codec\4.1.117.Final\netty-codec-4.1.117.Final.jar;C:\Users\sriram_dhanaraj\.m2\repository\io\ktor\ktor-server-netty\2.3.8\ktor-server-netty-2.3.8.jar;C:\Users\sriram_dhanaraj\.m2\repository\org\jetbrains\kotlinx\kotlinx-coroutines-core\1.8.1\kotlinx-coroutines-core-1.8.1.jar;C:\Users\sriram_dhanaraj\.m2\repository\org\jetbrains\kotlin\kotlin-stdlib-common\1.9.25\kotlin-stdlib-common-1.9.25.jar;C:\Users\sriram_dhanaraj\.m2\repository\io\ktor\ktor-network-tls-certificates\2.3.8\ktor-network-tls-certificates-2.3.8.jar;C:\Users\sriram_dhanaraj\.m2\repository\io\ktor\ktor-server-call-logging\2.3.8\ktor-server-call-logging-2.3.8.jar;C:\Users\sriram_dhanaraj\.m2\repository\io\ktor\ktor-server-core\2.3.8\ktor-server-core-2.3.8.jar;C:\Users\sriram_dhanaraj\.m2\repository\org\jetbrains\kotlinx\atomicfu\0.19.0\atomicfu-0.19.0.jar;C:\Users\sriram_dhanaraj\.m2\repository\org\jetbrains\kotlinx\atomicfu-jvm\0.19.0\atomicfu-jvm-0.19.0.jar;C:\Users\sriram_dhanaraj\.m2\repository\io\ktor\ktor-utils\2.3.8\ktor-utils-2.3.8.jar;C:\Users\sriram_dhanaraj\.m2\repository\io\ktor\ktor-io\2.3.8\ktor-io-2.3.8.jar;C:\Users\sriram_dhanaraj\.m2\repository\io\ktor\ktor-http\2.3.8\ktor-http-2.3.8.jar;C:\Users\sriram_dhanaraj\.m2\repository\io\ktor\ktor-serialization\2.3.8\ktor-serialization-2.3.8.jar;C:\Users\sriram_dhanaraj\.m2\repository\io\ktor\ktor-websockets\2.3.8\ktor-websockets-2.3.8.jar;C:\Users\sriram_dhanaraj\.m2\repository\io\ktor\ktor-events\2.3.8\ktor-events-2.3.8.jar;C:\Users\sriram_dhanaraj\.m2\repository\io\pact\plugin\driver\core\0.4.2\core-0.4.2.jar;C:\Users\sriram_dhanaraj\.m2\repository\com\vdurmont\semver4j\3.1.0\semver4j-3.1.0.jar;C:\Users\sriram_dhanaraj\.m2\repository\io\grpc\grpc-protobuf\1.56.1\grpc-protobuf-1.56.1.jar;C:\Users\sriram_dhanaraj\.m2\repository\io\grpc\grpc-api\1.56.1\grpc-api-1.56.1.jar;C:\Users\sriram_dhanaraj\.m2\repository\io\grpc\grpc-context\1.56.1\grpc-context-1.56.1.jar;C:\Users\sriram_dhanaraj\.m2\repository\com\google\code\findbugs\jsr305\3.0.2\jsr305-3.0.2.jar;C:\Users\sriram_dhanaraj\.m2\repository\com\google\protobuf\protobuf-java\3.22.3\protobuf-java-3.22.3.jar;C:\Users\sriram_dhanaraj\.m2\repository\com\google\api\grpc\proto-google-common-protos\2.17.0\proto-google-common-protos-2.17.0.jar;C:\Users\sriram_dhanaraj\.m2\repository\io\grpc\grpc-protobuf-lite\1.56.1\grpc-protobuf-lite-1.56.1.jar;C:\Users\sriram_dhanaraj\.m2\repository\io\grpc\grpc-stub\1.56.1\grpc-stub-1.56.1.jar;C:\Users\sriram_dhanaraj\.m2\repository\com\google\errorprone\error_prone_annotations\2.18.0\error_prone_annotations-2.18.0.jar;C:\Users\sriram_dhanaraj\.m2\repository\io\grpc\grpc-netty\1.56.1\grpc-netty-1.56.1.jar;C:\Users\sriram_dhanaraj\.m2\repository\io\grpc\grpc-core\1.56.1\grpc-core-1.56.1.jar;C:\Users\sriram_dhanaraj\.m2\repository\com\google\android\annotations\4.1.1.4\annotations-4.1.1.4.jar;C:\Users\sriram_dhanaraj\.m2\repository\org\codehaus\mojo\animal-sniffer-annotations\1.23\animal-sniffer-annotations-1.23.jar;C:\Users\sriram_dhanaraj\.m2\repository\io\netty\netty-codec-http2\4.1.117.Final\netty-codec-http2-4.1.117.Final.jar;C:\Users\sriram_dhanaraj\.m2\repository\io\netty\netty-codec-http\4.1.117.Final\netty-codec-http-4.1.117.Final.jar;C:\Users\sriram_dhanaraj\.m2\repository\io\netty\netty-handler-proxy\4.1.117.Final\netty-handler-proxy-4.1.117.Final.jar;C:\Users\sriram_dhanaraj\.m2\repository\io\netty\netty-codec-socks\4.1.117.Final\netty-codec-socks-4.1.117.Final.jar;C:\Users\sriram_dhanaraj\.m2\repository\io\perfmark\perfmark-api\0.26.0\perfmark-api-0.26.0.jar;C:\Users\sriram_dhanaraj\.m2\repository\javax\annotation\javax.annotation-api\1.3.2\javax.annotation-api-1.3.2.jar;C:\Users\sriram_dhanaraj\.m2\repository\com\google\guava\guava\33.3.1-jre\guava-33.3.1-jre.jar;C:\Users\sriram_dhanaraj\.m2\repository\com\google\guava\failureaccess\1.0.2\failureaccess-1.0.2.jar;C:\Users\sriram_dhanaraj\.m2\repository\com\google\guava\listenablefuture\9999.0-empty-to-avoid-conflict-with-guava\listenablefuture-9999.0-empty-to-avoid-conflict-with-guava.jar;C:\Users\sriram_dhanaraj\.m2\repository\org\checkerframework\checker-qual\3.43.0\checker-qual-3.43.0.jar;C:\Users\sriram_dhanaraj\.m2\repository\com\google\j2objc\j2objc-annotations\3.0.0\j2objc-annotations-3.0.0.jar;C:\Users\sriram_dhanaraj\.m2\repository\javax\json\javax.json-api\1.1.4\javax.json-api-1.1.4.jar;C:\Users\sriram_dhanaraj\.m2\repository\org\glassfish\javax.json\1.1.4\javax.json-1.1.4.jar;C:\Users\sriram_dhanaraj\.m2\repository\com\moandjiezana\toml\toml4j\0.7.2\toml4j-0.7.2.jar;C:\Users\sriram_dhanaraj\.m2\repository\com\google\code\gson\gson\2.11.0\gson-2.11.0.jar;C:\Users\sriram_dhanaraj\.m2\repository\org\rauschig\jarchivelib\1.2.0\jarchivelib-1.2.0.jar;C:\Users\sriram_dhanaraj\.m2\repository\org\apache\commons\commons-compress\1.21\commons-compress-1.21.jar;C:\Users\sriram_dhanaraj\.m2\repository\org\apache\commons\commons-lang3\3.17.0\commons-lang3-3.17.0.jar;C:\Users\sriram_dhanaraj\.m2\repository\com\github\mifmif\generex\1.0.2\generex-1.0.2.jar;C:\Users\sriram_dhanaraj\.m2\repository\commons-io\commons-io\2.14.0\commons-io-2.14.0.jar;C:\Users\sriram_dhanaraj\.m2\repository\org\apache\commons\commons-text\1.10.0\commons-text-1.10.0.jar;C:\Users\sriram_dhanaraj\.m2\repository\org\apache\tika\tika-core\2.9.1\tika-core-2.9.1.jar;C:\Users\sriram_dhanaraj\.m2\repository\org\junit\jupiter\junit-jupiter-api\5.11.4\junit-jupiter-api-5.11.4.jar;C:\Users\sriram_dhanaraj\.m2\repository\org\opentest4j\opentest4j\1.3.0\opentest4j-1.3.0.jar;C:\Users\sriram_dhanaraj\.m2\repository\org\junit\platform\junit-platform-commons\1.11.4\junit-platform-commons-1.11.4.jar;C:\Users\sriram_dhanaraj\.m2\repository\org\apiguardian\apiguardian-api\1.1.2\apiguardian-api-1.1.2.jar;C:\Users\sriram_dhanaraj\.m2\repository\org\jetbrains\kotlin\kotlin-stdlib\1.9.25\kotlin-stdlib-1.9.25.jar;C:\Users\sriram_dhanaraj\.m2\repository\org\jetbrains\annotations\13.0\annotations-13.0.jar;C:\Users\sriram_dhanaraj\.m2\repository\org\jetbrains\kotlin\kotlin-reflect\1.9.25\kotlin-reflect-1.9.25.jar;C:\Users\sriram_dhanaraj\.m2\repository\org\slf4j\slf4j-api\2.0.16\slf4j-api-2.0.16.jar;"/>
    <property name="java.vm.vendor" value="Oracle Corporation"/>
    <property name="sun.arch.data.model" value="64"/>
    <property name="user.variant" value=""/>
    <property name="java.vendor.url" value="https://java.oracle.com/"/>
    <property name="user.timezone" value="Asia/Calcutta"/>
    <property name="org.jboss.logging.provider" value="slf4j"/>
    <property name="os.name" value="Windows 10"/>
    <property name="java.vm.specification.version" value="17"/>
    <property name="APPLICATION_NAME" value="enroll-service-svc"/>
    <property name="sun.java.launcher" value="SUN_STANDARD"/>
    <property name="user.country" value="IN"/>
    <property name="sun.boot.library.path" value="C:\Program Files\Java\jdk-17.0.0.1\bin"/>
    <property name="sun.java.command" value="C:\Users\sriram_dhanaraj\AppData\Local\Temp\surefire2181068905162835693\surefirebooter-20250202181127925_3.jar C:\Users\sriram_dhanaraj\AppData\Local\Temp\surefire2181068905162835693 2025-02-02T18-11-27_788-jvmRun1 surefire-20250202181127925_1tmp surefire_0-20250202181127925_2tmp"/>
    <property name="jdk.debug" value="release"/>
    <property name="surefire.test.class.path" value="C:\Users\sriram_dhanaraj\epam learn\Consumer Driven Contract Testing Mentoring Program #11\Task\Final_task\enroll-service-svc\target\test-classes;C:\Users\sriram_dhanaraj\epam learn\Consumer Driven Contract Testing Mentoring Program #11\Task\Final_task\enroll-service-svc\target\classes;C:\Users\sriram_dhanaraj\.m2\repository\org\springframework\boot\spring-boot-starter-data-jpa\3.4.2\spring-boot-starter-data-jpa-3.4.2.jar;C:\Users\sriram_dhanaraj\.m2\repository\org\springframework\boot\spring-boot-starter\3.4.2\spring-boot-starter-3.4.2.jar;C:\Users\sriram_dhanaraj\.m2\repository\org\springframework\boot\spring-boot\3.4.2\spring-boot-3.4.2.jar;C:\Users\sriram_dhanaraj\.m2\repository\org\springframework\boot\spring-boot-autoconfigure\3.4.2\spring-boot-autoconfigure-3.4.2.jar;C:\Users\sriram_dhanaraj\.m2\repository\org\springframework\boot\spring-boot-starter-logging\3.4.2\spring-boot-starter-logging-3.4.2.jar;C:\Users\sriram_dhanaraj\.m2\repository\ch\qos\logback\logback-classic\1.5.16\logback-classic-1.5.16.jar;C:\Users\sriram_dhanaraj\.m2\repository\ch\qos\logback\logback-core\1.5.16\logback-core-1.5.16.jar;C:\Users\sriram_dhanaraj\.m2\repository\org\apache\logging\log4j\log4j-to-slf4j\2.24.3\log4j-to-slf4j-2.24.3.jar;C:\Users\sriram_dhanaraj\.m2\repository\org\apache\logging\log4j\log4j-api\2.24.3\log4j-api-2.24.3.jar;C:\Users\sriram_dhanaraj\.m2\repository\org\slf4j\jul-to-slf4j\2.0.16\jul-to-slf4j-2.0.16.jar;C:\Users\sriram_dhanaraj\.m2\repository\jakarta\annotation\jakarta.annotation-api\2.1.1\jakarta.annotation-api-2.1.1.jar;C:\Users\sriram_dhanaraj\.m2\repository\org\yaml\snakeyaml\2.3\snakeyaml-2.3.jar;C:\Users\sriram_dhanaraj\.m2\repository\org\springframework\boot\spring-boot-starter-jdbc\3.4.2\spring-boot-starter-jdbc-3.4.2.jar;C:\Users\sriram_dhanaraj\.m2\repository\com\zaxxer\HikariCP\5.1.0\HikariCP-5.1.0.jar;C:\Users\sriram_dhanaraj\.m2\repository\org\springframework\spring-jdbc\6.2.2\spring-jdbc-6.2.2.jar;C:\Users\sriram_dhanaraj\.m2\repository\org\hibernate\orm\hibernate-core\6.6.5.Final\hibernate-core-6.6.5.Final.jar;C:\Users\sriram_dhanaraj\.m2\repository\jakarta\persistence\jakarta.persistence-api\3.1.0\jakarta.persistence-api-3.1.0.jar;C:\Users\sriram_dhanaraj\.m2\repository\jakarta\transaction\jakarta.transaction-api\2.0.1\jakarta.transaction-api-2.0.1.jar;C:\Users\sriram_dhanaraj\.m2\repository\org\jboss\logging\jboss-logging\3.6.1.Final\jboss-logging-3.6.1.Final.jar;C:\Users\sriram_dhanaraj\.m2\repository\org\hibernate\common\hibernate-commons-annotations\7.0.3.Final\hibernate-commons-annotations-7.0.3.Final.jar;C:\Users\sriram_dhanaraj\.m2\repository\io\smallrye\jandex\3.2.0\jandex-3.2.0.jar;C:\Users\sriram_dhanaraj\.m2\repository\com\fasterxml\classmate\1.7.0\classmate-1.7.0.jar;C:\Users\sriram_dhanaraj\.m2\repository\net\bytebuddy\byte-buddy\1.15.11\byte-buddy-1.15.11.jar;C:\Users\sriram_dhanaraj\.m2\repository\org\glassfish\jaxb\jaxb-runtime\4.0.5\jaxb-runtime-4.0.5.jar;C:\Users\sriram_dhanaraj\.m2\repository\org\glassfish\jaxb\jaxb-core\4.0.5\jaxb-core-4.0.5.jar;C:\Users\sriram_dhanaraj\.m2\repository\org\eclipse\angus\angus-activation\2.0.2\angus-activation-2.0.2.jar;C:\Users\sriram_dhanaraj\.m2\repository\org\glassfish\jaxb\txw2\4.0.5\txw2-4.0.5.jar;C:\Users\sriram_dhanaraj\.m2\repository\com\sun\istack\istack-commons-runtime\4.1.2\istack-commons-runtime-4.1.2.jar;C:\Users\sriram_dhanaraj\.m2\repository\jakarta\inject\jakarta.inject-api\2.0.1\jakarta.inject-api-2.0.1.jar;C:\Users\sriram_dhanaraj\.m2\repository\org\antlr\antlr4-runtime\4.13.0\antlr4-runtime-4.13.0.jar;C:\Users\sriram_dhanaraj\.m2\repository\org\springframework\data\spring-data-jpa\3.4.2\spring-data-jpa-3.4.2.jar;C:\Users\sriram_dhanaraj\.m2\repository\org\springframework\data\spring-data-commons\3.4.2\spring-data-commons-3.4.2.jar;C:\Users\sriram_dhanaraj\.m2\repository\org\springframework\spring-orm\6.2.2\spring-orm-6.2.2.jar;C:\Users\sriram_dhanaraj\.m2\repository\org\springframework\spring-context\6.2.2\spring-context-6.2.2.jar;C:\Users\sriram_dhanaraj\.m2\repository\org\springframework\spring-aop\6.2.2\spring-aop-6.2.2.jar;C:\Users\sriram_dhanaraj\.m2\repository\org\springframework\spring-tx\6.2.2\spring-tx-6.2.2.jar;C:\Users\sriram_dhanaraj\.m2\repository\org\springframework\spring-beans\6.2.2\spring-beans-6.2.2.jar;C:\Users\sriram_dhanaraj\.m2\repository\org\springframework\spring-aspects\6.2.2\spring-aspects-6.2.2.jar;C:\Users\sriram_dhanaraj\.m2\repository\org\aspectj\aspectjweaver\1.9.22.1\aspectjweaver-1.9.22.1.jar;C:\Users\sriram_dhanaraj\.m2\repository\org\springframework\boot\spring-boot-starter-web\3.4.2\spring-boot-starter-web-3.4.2.jar;C:\Users\sriram_dhanaraj\.m2\repository\org\springframework\boot\spring-boot-starter-json\3.4.2\spring-boot-starter-json-3.4.2.jar;C:\Users\sriram_dhanaraj\.m2\repository\com\fasterxml\jackson\datatype\jackson-datatype-jdk8\2.18.2\jackson-datatype-jdk8-2.18.2.jar;C:\Users\sriram_dhanaraj\.m2\repository\com\fasterxml\jackson\module\jackson-module-parameter-names\2.18.2\jackson-module-parameter-names-2.18.2.jar;C:\Users\sriram_dhanaraj\.m2\repository\org\springframework\boot\spring-boot-starter-tomcat\3.4.2\spring-boot-starter-tomcat-3.4.2.jar;C:\Users\sriram_dhanaraj\.m2\repository\org\apache\tomcat\embed\tomcat-embed-core\10.1.34\tomcat-embed-core-10.1.34.jar;C:\Users\sriram_dhanaraj\.m2\repository\org\apache\tomcat\embed\tomcat-embed-el\10.1.34\tomcat-embed-el-10.1.34.jar;C:\Users\sriram_dhanaraj\.m2\repository\org\apache\tomcat\embed\tomcat-embed-websocket\10.1.34\tomcat-embed-websocket-10.1.34.jar;C:\Users\sriram_dhanaraj\.m2\repository\org\springframework\spring-web\6.2.2\spring-web-6.2.2.jar;C:\Users\sriram_dhanaraj\.m2\repository\io\micrometer\micrometer-observation\1.14.3\micrometer-observation-1.14.3.jar;C:\Users\sriram_dhanaraj\.m2\repository\io\micrometer\micrometer-commons\1.14.3\micrometer-commons-1.14.3.jar;C:\Users\sriram_dhanaraj\.m2\repository\org\springframework\spring-webmvc\6.2.2\spring-webmvc-6.2.2.jar;C:\Users\sriram_dhanaraj\.m2\repository\org\springframework\spring-expression\6.2.2\spring-expression-6.2.2.jar;C:\Users\sriram_dhanaraj\.m2\repository\com\h2database\h2\2.3.232\h2-2.3.232.jar;C:\Users\sriram_dhanaraj\.m2\repository\org\springframework\boot\spring-boot-starter-test\3.4.2\spring-boot-starter-test-3.4.2.jar;C:\Users\sriram_dhanaraj\.m2\repository\org\springframework\boot\spring-boot-test\3.4.2\spring-boot-test-3.4.2.jar;C:\Users\sriram_dhanaraj\.m2\repository\org\springframework\boot\spring-boot-test-autoconfigure\3.4.2\spring-boot-test-autoconfigure-3.4.2.jar;C:\Users\sriram_dhanaraj\.m2\repository\com\jayway\jsonpath\json-path\2.9.0\json-path-2.9.0.jar;C:\Users\sriram_dhanaraj\.m2\repository\jakarta\xml\bind\jakarta.xml.bind-api\4.0.2\jakarta.xml.bind-api-4.0.2.jar;C:\Users\sriram_dhanaraj\.m2\repository\jakarta\activation\jakarta.activation-api\2.1.3\jakarta.activation-api-2.1.3.jar;C:\Users\sriram_dhanaraj\.m2\repository\net\minidev\json-smart\2.5.1\json-smart-2.5.1.jar;C:\Users\sriram_dhanaraj\.m2\repository\net\minidev\accessors-smart\2.5.1\accessors-smart-2.5.1.jar;C:\Users\sriram_dhanaraj\.m2\repository\org\ow2\asm\asm\9.6\asm-9.6.jar;C:\Users\sriram_dhanaraj\.m2\repository\org\assertj\assertj-core\3.26.3\assertj-core-3.26.3.jar;C:\Users\sriram_dhanaraj\.m2\repository\org\awaitility\awaitility\4.2.2\awaitility-4.2.2.jar;C:\Users\sriram_dhanaraj\.m2\repository\org\hamcrest\hamcrest\2.2\hamcrest-2.2.jar;C:\Users\sriram_dhanaraj\.m2\repository\org\junit\jupiter\junit-jupiter\5.11.4\junit-jupiter-5.11.4.jar;C:\Users\sriram_dhanaraj\.m2\repository\org\junit\jupiter\junit-jupiter-params\5.11.4\junit-jupiter-params-5.11.4.jar;C:\Users\sriram_dhanaraj\.m2\repository\org\junit\jupiter\junit-jupiter-engine\5.11.4\junit-jupiter-engine-5.11.4.jar;C:\Users\sriram_dhanaraj\.m2\repository\org\junit\platform\junit-platform-engine\1.11.4\junit-platform-engine-1.11.4.jar;C:\Users\sriram_dhanaraj\.m2\repository\org\mockito\mockito-core\5.14.2\mockito-core-5.14.2.jar;C:\Users\sriram_dhanaraj\.m2\repository\net\bytebuddy\byte-buddy-agent\1.15.11\byte-buddy-agent-1.15.11.jar;C:\Users\sriram_dhanaraj\.m2\repository\org\objenesis\objenesis\3.3\objenesis-3.3.jar;C:\Users\sriram_dhanaraj\.m2\repository\org\mockito\mockito-junit-jupiter\5.14.2\mockito-junit-jupiter-5.14.2.jar;C:\Users\sriram_dhanaraj\.m2\repository\org\skyscreamer\jsonassert\1.5.3\jsonassert-1.5.3.jar;C:\Users\sriram_dhanaraj\.m2\repository\com\vaadin\external\google\android-json\0.0.20131108.vaadin1\android-json-0.0.20131108.vaadin1.jar;C:\Users\sriram_dhanaraj\.m2\repository\org\springframework\spring-core\6.2.2\spring-core-6.2.2.jar;C:\Users\sriram_dhanaraj\.m2\repository\org\springframework\spring-jcl\6.2.2\spring-jcl-6.2.2.jar;C:\Users\sriram_dhanaraj\.m2\repository\org\springframework\spring-test\6.2.2\spring-test-6.2.2.jar;C:\Users\sriram_dhanaraj\.m2\repository\org\xmlunit\xmlunit-core\2.10.0\xmlunit-core-2.10.0.jar;C:\Users\sriram_dhanaraj\.m2\repository\org\projectlombok\lombok\1.18.36\lombok-1.18.36.jar;C:\Users\sriram_dhanaraj\.m2\repository\com\fasterxml\jackson\core\jackson-databind\2.18.2\jackson-databind-2.18.2.jar;C:\Users\sriram_dhanaraj\.m2\repository\com\fasterxml\jackson\core\jackson-annotations\2.18.2\jackson-annotations-2.18.2.jar;C:\Users\sriram_dhanaraj\.m2\repository\com\fasterxml\jackson\core\jackson-core\2.18.2\jackson-core-2.18.2.jar;C:\Users\sriram_dhanaraj\.m2\repository\com\fasterxml\jackson\datatype\jackson-datatype-jsr310\2.18.2\jackson-datatype-jsr310-2.18.2.jar;C:\Users\sriram_dhanaraj\.m2\repository\au\com\dius\pact\consumer\junit5\4.6.11\junit5-4.6.11.jar;C:\Users\sriram_dhanaraj\.m2\repository\au\com\dius\pact\consumer\4.6.11\consumer-4.6.11.jar;C:\Users\sriram_dhanaraj\.m2\repository\au\com\dius\pact\core\support\4.6.11\support-4.6.11.jar;C:\Users\sriram_dhanaraj\.m2\repository\io\github\oshai\kotlin-logging-jvm\5.1.4\kotlin-logging-jvm-5.1.4.jar;C:\Users\sriram_dhanaraj\.m2\repository\org\jetbrains\kotlin\kotlin-stdlib-jdk8\1.9.25\kotlin-stdlib-jdk8-1.9.25.jar;C:\Users\sriram_dhanaraj\.m2\repository\commons-codec\commons-codec\1.17.2\commons-codec-1.17.2.jar;C:\Users\sriram_dhanaraj\.m2\repository\au\com\dius\pact\core\model\4.6.11\model-4.6.11.jar;C:\Users\sriram_dhanaraj\.m2\repository\au\com\dius\pact\core\pactbroker\4.6.11\pactbroker-4.6.11.jar;C:\Users\sriram_dhanaraj\.m2\repository\org\apache\commons\commons-collections4\4.4\commons-collections4-4.4.jar;C:\Users\sriram_dhanaraj\.m2\repository\javax\mail\mail\1.5.0-b01\mail-1.5.0-b01.jar;C:\Users\sriram_dhanaraj\.m2\repository\javax\activation\activation\1.1\activation-1.1.jar;C:\Users\sriram_dhanaraj\.m2\repository\io\ktor\ktor-http-jvm\2.3.8\ktor-http-jvm-2.3.8.jar;C:\Users\sriram_dhanaraj\.m2\repository\org\jetbrains\kotlin\kotlin-stdlib-jdk7\1.9.25\kotlin-stdlib-jdk7-1.9.25.jar;C:\Users\sriram_dhanaraj\.m2\repository\org\jetbrains\kotlinx\kotlinx-coroutines-jdk8\1.8.1\kotlinx-coroutines-jdk8-1.8.1.jar;C:\Users\sriram_dhanaraj\.m2\repository\org\jetbrains\kotlinx\kotlinx-coroutines-core-jvm\1.8.1\kotlinx-coroutines-core-jvm-1.8.1.jar;C:\Users\sriram_dhanaraj\.m2\repository\io\ktor\ktor-utils-jvm\2.3.8\ktor-utils-jvm-2.3.8.jar;C:\Users\sriram_dhanaraj\.m2\repository\io\ktor\ktor-io-jvm\2.3.8\ktor-io-jvm-2.3.8.jar;C:\Users\sriram_dhanaraj\.m2\repository\commons-beanutils\commons-beanutils\1.9.4\commons-beanutils-1.9.4.jar;C:\Users\sriram_dhanaraj\.m2\repository\commons-logging\commons-logging\1.2\commons-logging-1.2.jar;C:\Users\sriram_dhanaraj\.m2\repository\commons-collections\commons-collections\3.2.2\commons-collections-3.2.2.jar;C:\Users\sriram_dhanaraj\.m2\repository\au\com\dius\pact\core\matchers\4.6.11\matchers-4.6.11.jar;C:\Users\sriram_dhanaraj\.m2\repository\io\github\java-diff-utils\java-diff-utils\4.12\java-diff-utils-4.12.jar;C:\Users\sriram_dhanaraj\.m2\repository\org\atteo\evo-inflector\1.3\evo-inflector-1.3.jar;C:\Users\sriram_dhanaraj\.m2\repository\com\github\ajalt\mordant\1.2.1\mordant-1.2.1.jar;C:\Users\sriram_dhanaraj\.m2\repository\com\github\ajalt\colormath\1.2.0\colormath-1.2.0.jar;C:\Users\sriram_dhanaraj\.m2\repository\com\github\zafarkhaja\java-semver\0.9.0\java-semver-0.9.0.jar;C:\Users\sriram_dhanaraj\.m2\repository\org\apache\httpcomponents\client5\httpclient5\5.4.1\httpclient5-5.4.1.jar;C:\Users\sriram_dhanaraj\.m2\repository\org\apache\httpcomponents\core5\httpcore5\5.3.2\httpcore5-5.3.2.jar;C:\Users\sriram_dhanaraj\.m2\repository\org\apache\httpcomponents\core5\httpcore5-h2\5.3.2\httpcore5-h2-5.3.2.jar;C:\Users\sriram_dhanaraj\.m2\repository\org\json\json\20240205\json-20240205.jar;C:\Users\sriram_dhanaraj\.m2\repository\org\apache\httpcomponents\client5\httpclient5-fluent\5.4.1\httpclient5-fluent-5.4.1.jar;C:\Users\sriram_dhanaraj\.m2\repository\com\googlecode\java-diff-utils\diffutils\1.3.0\diffutils-1.3.0.jar;C:\Users\sriram_dhanaraj\.m2\repository\dk\brics\automaton\automaton\1.11-8\automaton-1.11-8.jar;C:\Users\sriram_dhanaraj\.m2\repository\io\netty\netty-handler\4.1.117.Final\netty-handler-4.1.117.Final.jar;C:\Users\sriram_dhanaraj\.m2\repository\io\netty\netty-common\4.1.117.Final\netty-common-4.1.117.Final.jar;C:\Users\sriram_dhanaraj\.m2\repository\io\netty\netty-resolver\4.1.117.Final\netty-resolver-4.1.117.Final.jar;C:\Users\sriram_dhanaraj\.m2\repository\io\netty\netty-buffer\4.1.117.Final\netty-buffer-4.1.117.Final.jar;C:\Users\sriram_dhanaraj\.m2\repository\io\netty\netty-transport\4.1.117.Final\netty-transport-4.1.117.Final.jar;C:\Users\sriram_dhanaraj\.m2\repository\io\netty\netty-transport-native-unix-common\4.1.117.Final\netty-transport-native-unix-common-4.1.117.Final.jar;C:\Users\sriram_dhanaraj\.m2\repository\io\netty\netty-codec\4.1.117.Final\netty-codec-4.1.117.Final.jar;C:\Users\sriram_dhanaraj\.m2\repository\io\ktor\ktor-server-netty\2.3.8\ktor-server-netty-2.3.8.jar;C:\Users\sriram_dhanaraj\.m2\repository\org\jetbrains\kotlinx\kotlinx-coroutines-core\1.8.1\kotlinx-coroutines-core-1.8.1.jar;C:\Users\sriram_dhanaraj\.m2\repository\org\jetbrains\kotlin\kotlin-stdlib-common\1.9.25\kotlin-stdlib-common-1.9.25.jar;C:\Users\sriram_dhanaraj\.m2\repository\io\ktor\ktor-network-tls-certificates\2.3.8\ktor-network-tls-certificates-2.3.8.jar;C:\Users\sriram_dhanaraj\.m2\repository\io\ktor\ktor-server-call-logging\2.3.8\ktor-server-call-logging-2.3.8.jar;C:\Users\sriram_dhanaraj\.m2\repository\io\ktor\ktor-server-core\2.3.8\ktor-server-core-2.3.8.jar;C:\Users\sriram_dhanaraj\.m2\repository\org\jetbrains\kotlinx\atomicfu\0.19.0\atomicfu-0.19.0.jar;C:\Users\sriram_dhanaraj\.m2\repository\org\jetbrains\kotlinx\atomicfu-jvm\0.19.0\atomicfu-jvm-0.19.0.jar;C:\Users\sriram_dhanaraj\.m2\repository\io\ktor\ktor-utils\2.3.8\ktor-utils-2.3.8.jar;C:\Users\sriram_dhanaraj\.m2\repository\io\ktor\ktor-io\2.3.8\ktor-io-2.3.8.jar;C:\Users\sriram_dhanaraj\.m2\repository\io\ktor\ktor-http\2.3.8\ktor-http-2.3.8.jar;C:\Users\sriram_dhanaraj\.m2\repository\io\ktor\ktor-serialization\2.3.8\ktor-serialization-2.3.8.jar;C:\Users\sriram_dhanaraj\.m2\repository\io\ktor\ktor-websockets\2.3.8\ktor-websockets-2.3.8.jar;C:\Users\sriram_dhanaraj\.m2\repository\io\ktor\ktor-events\2.3.8\ktor-events-2.3.8.jar;C:\Users\sriram_dhanaraj\.m2\repository\io\pact\plugin\driver\core\0.4.2\core-0.4.2.jar;C:\Users\sriram_dhanaraj\.m2\repository\com\vdurmont\semver4j\3.1.0\semver4j-3.1.0.jar;C:\Users\sriram_dhanaraj\.m2\repository\io\grpc\grpc-protobuf\1.56.1\grpc-protobuf-1.56.1.jar;C:\Users\sriram_dhanaraj\.m2\repository\io\grpc\grpc-api\1.56.1\grpc-api-1.56.1.jar;C:\Users\sriram_dhanaraj\.m2\repository\io\grpc\grpc-context\1.56.1\grpc-context-1.56.1.jar;C:\Users\sriram_dhanaraj\.m2\repository\com\google\code\findbugs\jsr305\3.0.2\jsr305-3.0.2.jar;C:\Users\sriram_dhanaraj\.m2\repository\com\google\protobuf\protobuf-java\3.22.3\protobuf-java-3.22.3.jar;C:\Users\sriram_dhanaraj\.m2\repository\com\google\api\grpc\proto-google-common-protos\2.17.0\proto-google-common-protos-2.17.0.jar;C:\Users\sriram_dhanaraj\.m2\repository\io\grpc\grpc-protobuf-lite\1.56.1\grpc-protobuf-lite-1.56.1.jar;C:\Users\sriram_dhanaraj\.m2\repository\io\grpc\grpc-stub\1.56.1\grpc-stub-1.56.1.jar;C:\Users\sriram_dhanaraj\.m2\repository\com\google\errorprone\error_prone_annotations\2.18.0\error_prone_annotations-2.18.0.jar;C:\Users\sriram_dhanaraj\.m2\repository\io\grpc\grpc-netty\1.56.1\grpc-netty-1.56.1.jar;C:\Users\sriram_dhanaraj\.m2\repository\io\grpc\grpc-core\1.56.1\grpc-core-1.56.1.jar;C:\Users\sriram_dhanaraj\.m2\repository\com\google\android\annotations\4.1.1.4\annotations-4.1.1.4.jar;C:\Users\sriram_dhanaraj\.m2\repository\org\codehaus\mojo\animal-sniffer-annotations\1.23\animal-sniffer-annotations-1.23.jar;C:\Users\sriram_dhanaraj\.m2\repository\io\netty\netty-codec-http2\4.1.117.Final\netty-codec-http2-4.1.117.Final.jar;C:\Users\sriram_dhanaraj\.m2\repository\io\netty\netty-codec-http\4.1.117.Final\netty-codec-http-4.1.117.Final.jar;C:\Users\sriram_dhanaraj\.m2\repository\io\netty\netty-handler-proxy\4.1.117.Final\netty-handler-proxy-4.1.117.Final.jar;C:\Users\sriram_dhanaraj\.m2\repository\io\netty\netty-codec-socks\4.1.117.Final\netty-codec-socks-4.1.117.Final.jar;C:\Users\sriram_dhanaraj\.m2\repository\io\perfmark\perfmark-api\0.26.0\perfmark-api-0.26.0.jar;C:\Users\sriram_dhanaraj\.m2\repository\javax\annotation\javax.annotation-api\1.3.2\javax.annotation-api-1.3.2.jar;C:\Users\sriram_dhanaraj\.m2\repository\com\google\guava\guava\33.3.1-jre\guava-33.3.1-jre.jar;C:\Users\sriram_dhanaraj\.m2\repository\com\google\guava\failureaccess\1.0.2\failureaccess-1.0.2.jar;C:\Users\sriram_dhanaraj\.m2\repository\com\google\guava\listenablefuture\9999.0-empty-to-avoid-conflict-with-guava\listenablefuture-9999.0-empty-to-avoid-conflict-with-guava.jar;C:\Users\sriram_dhanaraj\.m2\repository\org\checkerframework\checker-qual\3.43.0\checker-qual-3.43.0.jar;C:\Users\sriram_dhanaraj\.m2\repository\com\google\j2objc\j2objc-annotations\3.0.0\j2objc-annotations-3.0.0.jar;C:\Users\sriram_dhanaraj\.m2\repository\javax\json\javax.json-api\1.1.4\javax.json-api-1.1.4.jar;C:\Users\sriram_dhanaraj\.m2\repository\org\glassfish\javax.json\1.1.4\javax.json-1.1.4.jar;C:\Users\sriram_dhanaraj\.m2\repository\com\moandjiezana\toml\toml4j\0.7.2\toml4j-0.7.2.jar;C:\Users\sriram_dhanaraj\.m2\repository\com\google\code\gson\gson\2.11.0\gson-2.11.0.jar;C:\Users\sriram_dhanaraj\.m2\repository\org\rauschig\jarchivelib\1.2.0\jarchivelib-1.2.0.jar;C:\Users\sriram_dhanaraj\.m2\repository\org\apache\commons\commons-compress\1.21\commons-compress-1.21.jar;C:\Users\sriram_dhanaraj\.m2\repository\org\apache\commons\commons-lang3\3.17.0\commons-lang3-3.17.0.jar;C:\Users\sriram_dhanaraj\.m2\repository\com\github\mifmif\generex\1.0.2\generex-1.0.2.jar;C:\Users\sriram_dhanaraj\.m2\repository\commons-io\commons-io\2.14.0\commons-io-2.14.0.jar;C:\Users\sriram_dhanaraj\.m2\repository\org\apache\commons\commons-text\1.10.0\commons-text-1.10.0.jar;C:\Users\sriram_dhanaraj\.m2\repository\org\apache\tika\tika-core\2.9.1\tika-core-2.9.1.jar;C:\Users\sriram_dhanaraj\.m2\repository\org\junit\jupiter\junit-jupiter-api\5.11.4\junit-jupiter-api-5.11.4.jar;C:\Users\sriram_dhanaraj\.m2\repository\org\opentest4j\opentest4j\1.3.0\opentest4j-1.3.0.jar;C:\Users\sriram_dhanaraj\.m2\repository\org\junit\platform\junit-platform-commons\1.11.4\junit-platform-commons-1.11.4.jar;C:\Users\sriram_dhanaraj\.m2\repository\org\apiguardian\apiguardian-api\1.1.2\apiguardian-api-1.1.2.jar;C:\Users\sriram_dhanaraj\.m2\repository\org\jetbrains\kotlin\kotlin-stdlib\1.9.25\kotlin-stdlib-1.9.25.jar;C:\Users\sriram_dhanaraj\.m2\repository\org\jetbrains\annotations\13.0\annotations-13.0.jar;C:\Users\sriram_dhanaraj\.m2\repository\org\jetbrains\kotlin\kotlin-reflect\1.9.25\kotlin-reflect-1.9.25.jar;C:\Users\sriram_dhanaraj\.m2\repository\org\slf4j\slf4j-api\2.0.16\slf4j-api-2.0.16.jar;"/>
    <property name="sun.cpu.endian" value="little"/>
    <property name="user.home" value="C:\Users\sriram_dhanaraj"/>
    <property name="user.language" value="en"/>
    <property name="java.specification.vendor" value="Oracle Corporation"/>
    <property name="java.version.date" value="2024-07-02"/>
    <property name="java.home" value="C:\Program Files\Java\jdk-17.0.0.1"/>
    <property name="file.separator" value="\"/>
    <property name="basedir" value="C:\Users\sriram_dhanaraj\epam learn\Consumer Driven Contract Testing Mentoring Program #11\Task\Final_task\enroll-service-svc"/>
    <property name="java.vm.compressedOopsMode" value="Zero based"/>
    <property name="line.separator" value="&#10;"/>
    <property name="java.vm.specification.vendor" value="Oracle Corporation"/>
    <property name="java.specification.name" value="Java Platform API Specification"/>
    <property name="FILE_LOG_CHARSET" value="windows-1252"/>
    <property name="java.awt.headless" value="true"/>
    <property name="surefire.real.class.path" value="C:\Users\sriram_dhanaraj\AppData\Local\Temp\surefire2181068905162835693\surefirebooter-20250202181127925_3.jar"/>
    <property name="user.script" value=""/>
    <property name="sun.management.compiler" value="HotSpot 64-Bit Tiered Compilers"/>
    <property name="java.runtime.version" value="17.0.0.1+2-3"/>
    <property name="user.name" value="sriram_dhanaraj"/>
    <property name="path.separator" value=";"/>
    <property name="os.version" value="10.0"/>
    <property name="java.runtime.name" value="OpenJDK Runtime Environment"/>
    <property name="file.encoding" value="Cp1252"/>
    <property name="java.vm.name" value="OpenJDK 64-Bit Server VM"/>
    <property name="localRepository" value="C:\Users\sriram_dhanaraj\.m2\repository"/>
    <property name="java.vendor.url.bug" value="https://bugreport.java.com/bugreport/"/>
    <property name="java.io.tmpdir" value="C:\Users\SRIRAM~1\AppData\Local\Temp\"/>
    <property name="com.zaxxer.hikari.pool_number" value="1"/>
    <property name="java.version" value="17.0.0.1"/>
    <property name="user.dir" value="C:\Users\sriram_dhanaraj\epam learn\Consumer Driven Contract Testing Mentoring Program #11\Task\Final_task\enroll-service-svc"/>
    <property name="os.arch" value="amd64"/>
    <property name="java.vm.specification.name" value="Java Virtual Machine Specification"/>
    <property name="PID" value="22008"/>
    <property name="sun.os.patch.level" value=""/>
    <property name="CONSOLE_LOG_CHARSET" value="windows-1252"/>
    <property name="native.encoding" value="Cp1252"/>
    <property name="java.library.path" value="C:\Program Files\Java\jdk-17.0.0.1\bin;C:\Windows\Sun\Java\bin;C:\Windows\system32;C:\Windows;C:\Windows\system32;C:\Windows;C:\Windows\System32\Wbem;C:\Windows\System32\WindowsPowerShell\v1.0\;C:\Windows\System32\OpenSSH\;C:\Program Files\Git\cmd;C:\Program Files\Docker\Docker\resources\bin;C:\Users\sriram_dhanaraj\AppData\Local\Programs\Python\Python313\Scripts\;C:\Users\sriram_dhanaraj\AppData\Local\Programs\Python\Python313\;C:\Users\sriram_dhanaraj\AppData\Local\Programs\Python\Launcher\;C:\Users\sriram_dhanaraj\AppData\Local\Microsoft\WindowsApps;C:\Program Files\Java\jdk-17.0.0.1\bin;C:\Program Files\Maven\apache-maven-3.9.9\bin;C:\Program Files\JetBrains\PyCharm Community Edition 2024.2.4\bin;;C:\Program Files\Gradle\gradle-8.11.1\bin;;."/>
    <property name="java.vm.info" value="mixed mode, sharing"/>
    <property name="java.vendor" value="Oracle Corporation"/>
    <property name="java.vm.version" value="17.0.0.1+2-3"/>
    <property name="java.specification.maintenance.version" value="1"/>
    <property name="sun.io.unicode.encoding" value="UnicodeLittle"/>
    <property name="java.class.version" value="61.0"/>
    <property name="LOGGED_APPLICATION_NAME" value="[enroll-service-svc] "/>
  </properties>
  <testcase name="contextLoads" classname="com.practice.enroll.service.EnrollServiceSvcApplicationTests" time="0.006">
    <system-out><![CDATA[2025-02-02T18:11:33.935+05:30  INFO 22008 --- [enroll-service-svc] [           main] t.c.s.AnnotationConfigContextLoaderUtils : Could not detect default configuration classes for test class [com.practice.enroll.service.EnrollServiceSvcApplicationTests]: EnrollServiceSvcApplicationTests does not declare any static, non-private, non-final, nested classes annotated with @Configuration.
2025-02-02T18:11:33.943+05:30  INFO 22008 --- [enroll-service-svc] [           main] .b.t.c.SpringBootTestContextBootstrapper : Found @SpringBootConfiguration com.practice.enroll.service.EnrollServiceSvcApplication for test class com.practice.enroll.service.EnrollServiceSvcApplicationTests

  .   ____          _            __ _ _
 /\\ / ___'_ __ _ _(_)_ __  __ _ \ \ \ \
( ( )\___ | '_ | '_| | '_ \/ _` | \ \ \ \
 \\/  ___)| |_)| | | | | || (_| |  ) ) ) )
  '  |____| .__|_| |_|_| |_\__, | / / / /
 =========|_|==============|___/=/_/_/_/

 :: Spring Boot ::                (v3.4.2)

2025-02-02T18:11:33.995+05:30  WARN 22008 --- [enroll-service-svc] [           main] ory$DuplicateJsonObjectContextCustomizer : 

Found multiple occurrences of org.json.JSONObject on the class path:

	jar:file:/C:/Users/sriram_dhanaraj/.m2/repository/com/vaadin/external/google/android-json/0.0.20131108.vaadin1/android-json-0.0.20131108.vaadin1.jar!/org/json/JSONObject.class
	jar:file:/C:/Users/sriram_dhanaraj/.m2/repository/org/json/json/20240205/json-20240205.jar!/org/json/JSONObject.class

You may wish to exclude one of them to ensure predictable runtime behavior

2025-02-02T18:11:33.997+05:30  INFO 22008 --- [enroll-service-svc] [           main] c.p.e.s.EnrollServiceSvcApplicationTests : Starting EnrollServiceSvcApplicationTests using Java 17.0.0.1 with PID 22008 (started by sriram_dhanaraj in C:\Users\sriram_dhanaraj\epam learn\Consumer Driven Contract Testing Mentoring Program #11\Task\Final_task\enroll-service-svc)
2025-02-02T18:11:33.997+05:30  INFO 22008 --- [enroll-service-svc] [           main] c.p.e.s.EnrollServiceSvcApplicationTests : No active profile set, falling back to 1 default profile: "default"
2025-02-02T18:11:34.278+05:30  INFO 22008 --- [enroll-service-svc] [           main] .s.d.r.c.RepositoryConfigurationDelegate : Bootstrapping Spring Data JPA repositories in DEFAULT mode.
2025-02-02T18:11:34.291+05:30  INFO 22008 --- [enroll-service-svc] [           main] .s.d.r.c.RepositoryConfigurationDelegate : Finished Spring Data repository scanning in 11 ms. Found 1 JPA repository interface.
2025-02-02T18:11:34.485+05:30  INFO 22008 --- [enroll-service-svc] [           main] com.zaxxer.hikari.HikariDataSource       : HikariPool-1 - Starting...
2025-02-02T18:11:34.501+05:30  INFO 22008 --- [enroll-service-svc] [           main] com.zaxxer.hikari.pool.HikariPool        : HikariPool-1 - Added connection conn6: url=jdbc:h2:mem:enrolldb user=SA
2025-02-02T18:11:34.504+05:30  INFO 22008 --- [enroll-service-svc] [           main] com.zaxxer.hikari.HikariDataSource       : HikariPool-1 - Start completed.
2025-02-02T18:11:34.532+05:30  INFO 22008 --- [enroll-service-svc] [           main] o.hibernate.jpa.internal.util.LogHelper  : HHH000204: Processing PersistenceUnitInfo [name: default]
2025-02-02T18:11:34.537+05:30  INFO 22008 --- [enroll-service-svc] [           main] o.h.c.internal.RegionFactoryInitiator    : HHH000026: Second-level cache disabled
2025-02-02T18:11:34.550+05:30  INFO 22008 --- [enroll-service-svc] [           main] o.s.o.j.p.SpringPersistenceUnitInfo      : No LoadTimeWeaver setup: ignoring JPA class transformer
2025-02-02T18:11:34.552+05:30  WARN 22008 --- [enroll-service-svc] [           main] org.hibernate.orm.deprecation            : HHH90000025: H2Dialect does not need to be specified explicitly using 'hibernate.dialect' (remove the property setting and it will be selected by default)
2025-02-02T18:11:34.553+05:30  INFO 22008 --- [enroll-service-svc] [           main] org.hibernate.orm.connections.pooling    : HHH10001005: Database info:
	Database JDBC URL [Connecting through datasource 'HikariDataSource (HikariPool-1)']
	Database driver: undefined/unknown
	Database version: 2.3.232
	Autocommit mode: undefined/unknown
	Isolation level: undefined/unknown
	Minimum pool size: undefined/unknown
	Maximum pool size: undefined/unknown
2025-02-02T18:11:34.593+05:30  INFO 22008 --- [enroll-service-svc] [           main] o.h.e.t.j.p.i.JtaPlatformInitiator       : HHH000489: No JTA platform available (set 'hibernate.transaction.jta.platform' to enable JTA platform integration)
2025-02-02T18:11:34.598+05:30  INFO 22008 --- [enroll-service-svc] [           main] j.LocalContainerEntityManagerFactoryBean : Initialized JPA EntityManagerFactory for persistence unit 'default'
2025-02-02T18:11:34.787+05:30  WARN 22008 --- [enroll-service-svc] [           main] JpaBaseConfiguration$JpaWebConfiguration : spring.jpa.open-in-view is enabled by default. Therefore, database queries may be performed during view rendering. Explicitly configure spring.jpa.open-in-view to disable this warning
2025-02-02T18:11:35.071+05:30  INFO 22008 --- [enroll-service-svc] [           main] o.s.b.a.h2.H2ConsoleAutoConfiguration    : H2 console available at '/h2-console'. Database available at 'jdbc:h2:mem:enrolldb'
2025-02-02T18:11:35.123+05:30  INFO 22008 --- [enroll-service-svc] [           main] c.p.e.s.EnrollServiceSvcApplicationTests : Started EnrollServiceSvcApplicationTests in 1.169 seconds (process running for 7.101)
]]></system-out>
  </testcase>
</testsuite>